Copyright 1986-2018 Xilinx, Inc. All Rights Reserved.
-----------------------------------------------------------------------------------------------------------------------------------------------------------------------------------------------------------------------
| Tool Version : Vivado v.2018.1 (win64) Build 2188600 Wed Apr  4 18:40:38 MDT 2018
| Date         : Sun May 26 22:41:56 2019
| Host         : DESKTOP-UC8P8VC running 64-bit major release  (build 9200)
| Command      : report_timing_summary -max_paths 10 -file design_1_wrapper_timing_summary_routed.rpt -pb design_1_wrapper_timing_summary_routed.pb -rpx design_1_wrapper_timing_summary_routed.rpx -warn_on_violation
| Design       : design_1_wrapper
| Device       : 7a35t-csg324
| Speed File   : -3  PRODUCTION 1.21 2018-02-08
-----------------------------------------------------------------------------------------------------------------------------------------------------------------------------------------------------------------------

Timing Summary Report

------------------------------------------------------------------------------------------------
| Timer Settings
| --------------
------------------------------------------------------------------------------------------------

  Enable Multi Corner Analysis               :  Yes
  Enable Pessimism Removal                   :  Yes
  Pessimism Removal Resolution               :  Nearest Common Node
  Enable Input Delay Default Clock           :  No
  Enable Preset / Clear Arcs                 :  No
  Disable Flight Delays                      :  No
  Ignore I/O Paths                           :  No
  Timing Early Launch at Borrowing Latches   :  false

  Corner  Analyze    Analyze    
  Name    Max Paths  Min Paths  
  ------  ---------  ---------  
  Slow    Yes        Yes        
  Fast    Yes        Yes        



check_timing report

Table of Contents
-----------------
1. checking no_clock
2. checking constant_clock
3. checking pulse_width_clock
4. checking unconstrained_internal_endpoints
5. checking no_input_delay
6. checking no_output_delay
7. checking multiple_clock
8. checking generated_clocks
9. checking loops
10. checking partial_input_delay
11. checking partial_output_delay
12. checking latch_loops

1. checking no_clock
--------------------
 There are 16 register/latch pins with no clock driven by root clock pin: change (HIGH)

 There are 96 register/latch pins with no clock driven by root clock pin: clk (HIGH)

 There are 32 register/latch pins with no clock driven by root clock pin: d1 (HIGH)

 There are 32 register/latch pins with no clock driven by root clock pin: d2 (HIGH)

 There are 32 register/latch pins with no clock driven by root clock pin: d3 (HIGH)

 There are 32 register/latch pins with no clock driven by root clock pin: d4 (HIGH)

 There are 34 register/latch pins with no clock driven by root clock pin: enter (HIGH)

 There are 7 register/latch pins with no clock driven by root clock pin: design_1_i/amount_0/inst/Q_reg[10]/Q (HIGH)

 There are 7 register/latch pins with no clock driven by root clock pin: design_1_i/amount_0/inst/Q_reg[11]/Q (HIGH)

 There are 7 register/latch pins with no clock driven by root clock pin: design_1_i/amount_0/inst/Q_reg[12]/Q (HIGH)

 There are 7 register/latch pins with no clock driven by root clock pin: design_1_i/amount_0/inst/Q_reg[13]/Q (HIGH)

 There are 7 register/latch pins with no clock driven by root clock pin: design_1_i/amount_0/inst/Q_reg[14]/Q (HIGH)

 There are 7 register/latch pins with no clock driven by root clock pin: design_1_i/amount_0/inst/Q_reg[15]/Q (HIGH)

 There are 7 register/latch pins with no clock driven by root clock pin: design_1_i/amount_0/inst/Q_reg[16]/Q (HIGH)

 There are 7 register/latch pins with no clock driven by root clock pin: design_1_i/amount_0/inst/Q_reg[17]/Q (HIGH)

 There are 7 register/latch pins with no clock driven by root clock pin: design_1_i/amount_0/inst/Q_reg[18]/Q (HIGH)

 There are 7 register/latch pins with no clock driven by root clock pin: design_1_i/amount_0/inst/Q_reg[19]/Q (HIGH)

 There are 7 register/latch pins with no clock driven by root clock pin: design_1_i/amount_0/inst/Q_reg[1]/Q (HIGH)

 There are 7 register/latch pins with no clock driven by root clock pin: design_1_i/amount_0/inst/Q_reg[20]/Q (HIGH)

 There are 7 register/latch pins with no clock driven by root clock pin: design_1_i/amount_0/inst/Q_reg[21]/Q (HIGH)

 There are 7 register/latch pins with no clock driven by root clock pin: design_1_i/amount_0/inst/Q_reg[22]/Q (HIGH)

 There are 7 register/latch pins with no clock driven by root clock pin: design_1_i/amount_0/inst/Q_reg[23]/Q (HIGH)

 There are 7 register/latch pins with no clock driven by root clock pin: design_1_i/amount_0/inst/Q_reg[24]/Q (HIGH)

 There are 7 register/latch pins with no clock driven by root clock pin: design_1_i/amount_0/inst/Q_reg[25]/Q (HIGH)

 There are 7 register/latch pins with no clock driven by root clock pin: design_1_i/amount_0/inst/Q_reg[26]/Q (HIGH)

 There are 7 register/latch pins with no clock driven by root clock pin: design_1_i/amount_0/inst/Q_reg[27]/Q (HIGH)

 There are 7 register/latch pins with no clock driven by root clock pin: design_1_i/amount_0/inst/Q_reg[28]/Q (HIGH)

 There are 7 register/latch pins with no clock driven by root clock pin: design_1_i/amount_0/inst/Q_reg[29]/Q (HIGH)

 There are 7 register/latch pins with no clock driven by root clock pin: design_1_i/amount_0/inst/Q_reg[2]/Q (HIGH)

 There are 7 register/latch pins with no clock driven by root clock pin: design_1_i/amount_0/inst/Q_reg[30]/Q (HIGH)

 There are 7 register/latch pins with no clock driven by root clock pin: design_1_i/amount_0/inst/Q_reg[31]/Q (HIGH)

 There are 7 register/latch pins with no clock driven by root clock pin: design_1_i/amount_0/inst/Q_reg[3]/Q (HIGH)

 There are 7 register/latch pins with no clock driven by root clock pin: design_1_i/amount_0/inst/Q_reg[4]/Q (HIGH)

 There are 7 register/latch pins with no clock driven by root clock pin: design_1_i/amount_0/inst/Q_reg[5]/Q (HIGH)

 There are 7 register/latch pins with no clock driven by root clock pin: design_1_i/amount_0/inst/Q_reg[6]/Q (HIGH)

 There are 7 register/latch pins with no clock driven by root clock pin: design_1_i/amount_0/inst/Q_reg[7]/Q (HIGH)

 There are 7 register/latch pins with no clock driven by root clock pin: design_1_i/amount_0/inst/Q_reg[8]/Q (HIGH)

 There are 7 register/latch pins with no clock driven by root clock pin: design_1_i/amount_0/inst/Q_reg[9]/Q (HIGH)

 There are 6 register/latch pins with no clock driven by root clock pin: design_1_i/amount_0/inst/light_reg/Q (HIGH)

 There are 7 register/latch pins with no clock driven by root clock pin: design_1_i/clock_10_1/inst/Q_reg[10]/Q (HIGH)

 There are 7 register/latch pins with no clock driven by root clock pin: design_1_i/clock_10_1/inst/Q_reg[11]/Q (HIGH)

 There are 7 register/latch pins with no clock driven by root clock pin: design_1_i/clock_10_1/inst/Q_reg[12]/Q (HIGH)

 There are 7 register/latch pins with no clock driven by root clock pin: design_1_i/clock_10_1/inst/Q_reg[13]/Q (HIGH)

 There are 7 register/latch pins with no clock driven by root clock pin: design_1_i/clock_10_1/inst/Q_reg[14]/Q (HIGH)

 There are 7 register/latch pins with no clock driven by root clock pin: design_1_i/clock_10_1/inst/Q_reg[15]/Q (HIGH)

 There are 7 register/latch pins with no clock driven by root clock pin: design_1_i/clock_10_1/inst/Q_reg[16]/Q (HIGH)

 There are 7 register/latch pins with no clock driven by root clock pin: design_1_i/clock_10_1/inst/Q_reg[17]/Q (HIGH)

 There are 7 register/latch pins with no clock driven by root clock pin: design_1_i/clock_10_1/inst/Q_reg[18]/Q (HIGH)

 There are 7 register/latch pins with no clock driven by root clock pin: design_1_i/clock_10_1/inst/Q_reg[19]/Q (HIGH)

 There are 7 register/latch pins with no clock driven by root clock pin: design_1_i/clock_10_1/inst/Q_reg[1]/Q (HIGH)

 There are 7 register/latch pins with no clock driven by root clock pin: design_1_i/clock_10_1/inst/Q_reg[20]/Q (HIGH)

 There are 7 register/latch pins with no clock driven by root clock pin: design_1_i/clock_10_1/inst/Q_reg[21]/Q (HIGH)

 There are 7 register/latch pins with no clock driven by root clock pin: design_1_i/clock_10_1/inst/Q_reg[22]/Q (HIGH)

 There are 7 register/latch pins with no clock driven by root clock pin: design_1_i/clock_10_1/inst/Q_reg[23]/Q (HIGH)

 There are 7 register/latch pins with no clock driven by root clock pin: design_1_i/clock_10_1/inst/Q_reg[24]/Q (HIGH)

 There are 7 register/latch pins with no clock driven by root clock pin: design_1_i/clock_10_1/inst/Q_reg[25]/Q (HIGH)

 There are 7 register/latch pins with no clock driven by root clock pin: design_1_i/clock_10_1/inst/Q_reg[26]/Q (HIGH)

 There are 7 register/latch pins with no clock driven by root clock pin: design_1_i/clock_10_1/inst/Q_reg[27]/Q (HIGH)

 There are 7 register/latch pins with no clock driven by root clock pin: design_1_i/clock_10_1/inst/Q_reg[28]/Q (HIGH)

 There are 7 register/latch pins with no clock driven by root clock pin: design_1_i/clock_10_1/inst/Q_reg[29]/Q (HIGH)

 There are 7 register/latch pins with no clock driven by root clock pin: design_1_i/clock_10_1/inst/Q_reg[2]/Q (HIGH)

 There are 7 register/latch pins with no clock driven by root clock pin: design_1_i/clock_10_1/inst/Q_reg[30]/Q (HIGH)

 There are 7 register/latch pins with no clock driven by root clock pin: design_1_i/clock_10_1/inst/Q_reg[31]/Q (HIGH)

 There are 7 register/latch pins with no clock driven by root clock pin: design_1_i/clock_10_1/inst/Q_reg[3]/Q (HIGH)

 There are 7 register/latch pins with no clock driven by root clock pin: design_1_i/clock_10_1/inst/Q_reg[4]/Q (HIGH)

 There are 7 register/latch pins with no clock driven by root clock pin: design_1_i/clock_10_1/inst/Q_reg[5]/Q (HIGH)

 There are 7 register/latch pins with no clock driven by root clock pin: design_1_i/clock_10_1/inst/Q_reg[6]/Q (HIGH)

 There are 7 register/latch pins with no clock driven by root clock pin: design_1_i/clock_10_1/inst/Q_reg[7]/Q (HIGH)

 There are 7 register/latch pins with no clock driven by root clock pin: design_1_i/clock_10_1/inst/Q_reg[8]/Q (HIGH)

 There are 7 register/latch pins with no clock driven by root clock pin: design_1_i/clock_10_1/inst/Q_reg[9]/Q (HIGH)

 There are 12 register/latch pins with no clock driven by root clock pin: design_1_i/clock_10_1/inst/jin1_reg/Q (HIGH)

 There are 6 register/latch pins with no clock driven by root clock pin: design_1_i/clock_5_0/inst/Q_reg[0]/Q (HIGH)

 There are 6 register/latch pins with no clock driven by root clock pin: design_1_i/clock_5_0/inst/Q_reg[10]/Q (HIGH)

 There are 6 register/latch pins with no clock driven by root clock pin: design_1_i/clock_5_0/inst/Q_reg[11]/Q (HIGH)

 There are 6 register/latch pins with no clock driven by root clock pin: design_1_i/clock_5_0/inst/Q_reg[12]/Q (HIGH)

 There are 6 register/latch pins with no clock driven by root clock pin: design_1_i/clock_5_0/inst/Q_reg[13]/Q (HIGH)

 There are 6 register/latch pins with no clock driven by root clock pin: design_1_i/clock_5_0/inst/Q_reg[14]/Q (HIGH)

 There are 6 register/latch pins with no clock driven by root clock pin: design_1_i/clock_5_0/inst/Q_reg[15]/Q (HIGH)

 There are 6 register/latch pins with no clock driven by root clock pin: design_1_i/clock_5_0/inst/Q_reg[16]/Q (HIGH)

 There are 6 register/latch pins with no clock driven by root clock pin: design_1_i/clock_5_0/inst/Q_reg[17]/Q (HIGH)

 There are 6 register/latch pins with no clock driven by root clock pin: design_1_i/clock_5_0/inst/Q_reg[18]/Q (HIGH)

 There are 6 register/latch pins with no clock driven by root clock pin: design_1_i/clock_5_0/inst/Q_reg[19]/Q (HIGH)

 There are 6 register/latch pins with no clock driven by root clock pin: design_1_i/clock_5_0/inst/Q_reg[1]/Q (HIGH)

 There are 6 register/latch pins with no clock driven by root clock pin: design_1_i/clock_5_0/inst/Q_reg[20]/Q (HIGH)

 There are 6 register/latch pins with no clock driven by root clock pin: design_1_i/clock_5_0/inst/Q_reg[21]/Q (HIGH)

 There are 6 register/latch pins with no clock driven by root clock pin: design_1_i/clock_5_0/inst/Q_reg[22]/Q (HIGH)

 There are 6 register/latch pins with no clock driven by root clock pin: design_1_i/clock_5_0/inst/Q_reg[23]/Q (HIGH)

 There are 6 register/latch pins with no clock driven by root clock pin: design_1_i/clock_5_0/inst/Q_reg[24]/Q (HIGH)

 There are 6 register/latch pins with no clock driven by root clock pin: design_1_i/clock_5_0/inst/Q_reg[25]/Q (HIGH)

 There are 6 register/latch pins with no clock driven by root clock pin: design_1_i/clock_5_0/inst/Q_reg[26]/Q (HIGH)

 There are 6 register/latch pins with no clock driven by root clock pin: design_1_i/clock_5_0/inst/Q_reg[27]/Q (HIGH)

 There are 6 register/latch pins with no clock driven by root clock pin: design_1_i/clock_5_0/inst/Q_reg[28]/Q (HIGH)

 There are 6 register/latch pins with no clock driven by root clock pin: design_1_i/clock_5_0/inst/Q_reg[29]/Q (HIGH)

 There are 6 register/latch pins with no clock driven by root clock pin: design_1_i/clock_5_0/inst/Q_reg[2]/Q (HIGH)

 There are 6 register/latch pins with no clock driven by root clock pin: design_1_i/clock_5_0/inst/Q_reg[30]/Q (HIGH)

 There are 6 register/latch pins with no clock driven by root clock pin: design_1_i/clock_5_0/inst/Q_reg[31]/Q (HIGH)

 There are 6 register/latch pins with no clock driven by root clock pin: design_1_i/clock_5_0/inst/Q_reg[3]/Q (HIGH)

 There are 6 register/latch pins with no clock driven by root clock pin: design_1_i/clock_5_0/inst/Q_reg[4]/Q (HIGH)

 There are 6 register/latch pins with no clock driven by root clock pin: design_1_i/clock_5_0/inst/Q_reg[5]/Q (HIGH)

 There are 6 register/latch pins with no clock driven by root clock pin: design_1_i/clock_5_0/inst/Q_reg[6]/Q (HIGH)

 There are 6 register/latch pins with no clock driven by root clock pin: design_1_i/clock_5_0/inst/Q_reg[7]/Q (HIGH)

 There are 6 register/latch pins with no clock driven by root clock pin: design_1_i/clock_5_0/inst/Q_reg[8]/Q (HIGH)

 There are 6 register/latch pins with no clock driven by root clock pin: design_1_i/clock_5_0/inst/Q_reg[9]/Q (HIGH)

 There are 17 register/latch pins with no clock driven by root clock pin: design_1_i/clock_5_0/inst/jin_reg/Q (HIGH)

 There are 11 register/latch pins with no clock driven by root clock pin: design_1_i/cnt_0/inst/Q_reg[10]/Q (HIGH)

 There are 11 register/latch pins with no clock driven by root clock pin: design_1_i/cnt_0/inst/Q_reg[11]/Q (HIGH)

 There are 11 register/latch pins with no clock driven by root clock pin: design_1_i/cnt_0/inst/Q_reg[12]/Q (HIGH)

 There are 11 register/latch pins with no clock driven by root clock pin: design_1_i/cnt_0/inst/Q_reg[13]/Q (HIGH)

 There are 11 register/latch pins with no clock driven by root clock pin: design_1_i/cnt_0/inst/Q_reg[14]/Q (HIGH)

 There are 11 register/latch pins with no clock driven by root clock pin: design_1_i/cnt_0/inst/Q_reg[15]/Q (HIGH)

 There are 11 register/latch pins with no clock driven by root clock pin: design_1_i/cnt_0/inst/Q_reg[16]/Q (HIGH)

 There are 11 register/latch pins with no clock driven by root clock pin: design_1_i/cnt_0/inst/Q_reg[17]/Q (HIGH)

 There are 11 register/latch pins with no clock driven by root clock pin: design_1_i/cnt_0/inst/Q_reg[18]/Q (HIGH)

 There are 11 register/latch pins with no clock driven by root clock pin: design_1_i/cnt_0/inst/Q_reg[19]/Q (HIGH)

 There are 11 register/latch pins with no clock driven by root clock pin: design_1_i/cnt_0/inst/Q_reg[1]/Q (HIGH)

 There are 11 register/latch pins with no clock driven by root clock pin: design_1_i/cnt_0/inst/Q_reg[20]/Q (HIGH)

 There are 11 register/latch pins with no clock driven by root clock pin: design_1_i/cnt_0/inst/Q_reg[21]/Q (HIGH)

 There are 11 register/latch pins with no clock driven by root clock pin: design_1_i/cnt_0/inst/Q_reg[22]/Q (HIGH)

 There are 11 register/latch pins with no clock driven by root clock pin: design_1_i/cnt_0/inst/Q_reg[23]/Q (HIGH)

 There are 11 register/latch pins with no clock driven by root clock pin: design_1_i/cnt_0/inst/Q_reg[24]/Q (HIGH)

 There are 11 register/latch pins with no clock driven by root clock pin: design_1_i/cnt_0/inst/Q_reg[25]/Q (HIGH)

 There are 11 register/latch pins with no clock driven by root clock pin: design_1_i/cnt_0/inst/Q_reg[26]/Q (HIGH)

 There are 11 register/latch pins with no clock driven by root clock pin: design_1_i/cnt_0/inst/Q_reg[27]/Q (HIGH)

 There are 11 register/latch pins with no clock driven by root clock pin: design_1_i/cnt_0/inst/Q_reg[28]/Q (HIGH)

 There are 11 register/latch pins with no clock driven by root clock pin: design_1_i/cnt_0/inst/Q_reg[29]/Q (HIGH)

 There are 11 register/latch pins with no clock driven by root clock pin: design_1_i/cnt_0/inst/Q_reg[2]/Q (HIGH)

 There are 11 register/latch pins with no clock driven by root clock pin: design_1_i/cnt_0/inst/Q_reg[30]/Q (HIGH)

 There are 11 register/latch pins with no clock driven by root clock pin: design_1_i/cnt_0/inst/Q_reg[31]/Q (HIGH)

 There are 11 register/latch pins with no clock driven by root clock pin: design_1_i/cnt_0/inst/Q_reg[3]/Q (HIGH)

 There are 11 register/latch pins with no clock driven by root clock pin: design_1_i/cnt_0/inst/Q_reg[4]/Q (HIGH)

 There are 11 register/latch pins with no clock driven by root clock pin: design_1_i/cnt_0/inst/Q_reg[5]/Q (HIGH)

 There are 11 register/latch pins with no clock driven by root clock pin: design_1_i/cnt_0/inst/Q_reg[6]/Q (HIGH)

 There are 11 register/latch pins with no clock driven by root clock pin: design_1_i/cnt_0/inst/Q_reg[7]/Q (HIGH)

 There are 11 register/latch pins with no clock driven by root clock pin: design_1_i/cnt_0/inst/Q_reg[8]/Q (HIGH)

 There are 11 register/latch pins with no clock driven by root clock pin: design_1_i/cnt_0/inst/Q_reg[9]/Q (HIGH)

 There are 11 register/latch pins with no clock driven by root clock pin: design_1_i/cnt_1/inst/Q_reg[10]/Q (HIGH)

 There are 11 register/latch pins with no clock driven by root clock pin: design_1_i/cnt_1/inst/Q_reg[11]/Q (HIGH)

 There are 11 register/latch pins with no clock driven by root clock pin: design_1_i/cnt_1/inst/Q_reg[12]/Q (HIGH)

 There are 11 register/latch pins with no clock driven by root clock pin: design_1_i/cnt_1/inst/Q_reg[13]/Q (HIGH)

 There are 11 register/latch pins with no clock driven by root clock pin: design_1_i/cnt_1/inst/Q_reg[14]/Q (HIGH)

 There are 11 register/latch pins with no clock driven by root clock pin: design_1_i/cnt_1/inst/Q_reg[15]/Q (HIGH)

 There are 11 register/latch pins with no clock driven by root clock pin: design_1_i/cnt_1/inst/Q_reg[16]/Q (HIGH)

 There are 11 register/latch pins with no clock driven by root clock pin: design_1_i/cnt_1/inst/Q_reg[17]/Q (HIGH)

 There are 11 register/latch pins with no clock driven by root clock pin: design_1_i/cnt_1/inst/Q_reg[18]/Q (HIGH)

 There are 11 register/latch pins with no clock driven by root clock pin: design_1_i/cnt_1/inst/Q_reg[19]/Q (HIGH)

 There are 11 register/latch pins with no clock driven by root clock pin: design_1_i/cnt_1/inst/Q_reg[1]/Q (HIGH)

 There are 11 register/latch pins with no clock driven by root clock pin: design_1_i/cnt_1/inst/Q_reg[20]/Q (HIGH)

 There are 11 register/latch pins with no clock driven by root clock pin: design_1_i/cnt_1/inst/Q_reg[21]/Q (HIGH)

 There are 11 register/latch pins with no clock driven by root clock pin: design_1_i/cnt_1/inst/Q_reg[22]/Q (HIGH)

 There are 11 register/latch pins with no clock driven by root clock pin: design_1_i/cnt_1/inst/Q_reg[23]/Q (HIGH)

 There are 11 register/latch pins with no clock driven by root clock pin: design_1_i/cnt_1/inst/Q_reg[24]/Q (HIGH)

 There are 11 register/latch pins with no clock driven by root clock pin: design_1_i/cnt_1/inst/Q_reg[25]/Q (HIGH)

 There are 11 register/latch pins with no clock driven by root clock pin: design_1_i/cnt_1/inst/Q_reg[26]/Q (HIGH)

 There are 11 register/latch pins with no clock driven by root clock pin: design_1_i/cnt_1/inst/Q_reg[27]/Q (HIGH)

 There are 11 register/latch pins with no clock driven by root clock pin: design_1_i/cnt_1/inst/Q_reg[28]/Q (HIGH)

 There are 11 register/latch pins with no clock driven by root clock pin: design_1_i/cnt_1/inst/Q_reg[29]/Q (HIGH)

 There are 11 register/latch pins with no clock driven by root clock pin: design_1_i/cnt_1/inst/Q_reg[2]/Q (HIGH)

 There are 11 register/latch pins with no clock driven by root clock pin: design_1_i/cnt_1/inst/Q_reg[30]/Q (HIGH)

 There are 11 register/latch pins with no clock driven by root clock pin: design_1_i/cnt_1/inst/Q_reg[31]/Q (HIGH)

 There are 11 register/latch pins with no clock driven by root clock pin: design_1_i/cnt_1/inst/Q_reg[3]/Q (HIGH)

 There are 11 register/latch pins with no clock driven by root clock pin: design_1_i/cnt_1/inst/Q_reg[4]/Q (HIGH)

 There are 11 register/latch pins with no clock driven by root clock pin: design_1_i/cnt_1/inst/Q_reg[5]/Q (HIGH)

 There are 11 register/latch pins with no clock driven by root clock pin: design_1_i/cnt_1/inst/Q_reg[6]/Q (HIGH)

 There are 11 register/latch pins with no clock driven by root clock pin: design_1_i/cnt_1/inst/Q_reg[7]/Q (HIGH)

 There are 11 register/latch pins with no clock driven by root clock pin: design_1_i/cnt_1/inst/Q_reg[8]/Q (HIGH)

 There are 11 register/latch pins with no clock driven by root clock pin: design_1_i/cnt_1/inst/Q_reg[9]/Q (HIGH)

 There are 11 register/latch pins with no clock driven by root clock pin: design_1_i/cnt_2/inst/Q_reg[10]/Q (HIGH)

 There are 11 register/latch pins with no clock driven by root clock pin: design_1_i/cnt_2/inst/Q_reg[11]/Q (HIGH)

 There are 11 register/latch pins with no clock driven by root clock pin: design_1_i/cnt_2/inst/Q_reg[12]/Q (HIGH)

 There are 11 register/latch pins with no clock driven by root clock pin: design_1_i/cnt_2/inst/Q_reg[13]/Q (HIGH)

 There are 11 register/latch pins with no clock driven by root clock pin: design_1_i/cnt_2/inst/Q_reg[14]/Q (HIGH)

 There are 11 register/latch pins with no clock driven by root clock pin: design_1_i/cnt_2/inst/Q_reg[15]/Q (HIGH)

 There are 11 register/latch pins with no clock driven by root clock pin: design_1_i/cnt_2/inst/Q_reg[16]/Q (HIGH)

 There are 11 register/latch pins with no clock driven by root clock pin: design_1_i/cnt_2/inst/Q_reg[17]/Q (HIGH)

 There are 11 register/latch pins with no clock driven by root clock pin: design_1_i/cnt_2/inst/Q_reg[18]/Q (HIGH)

 There are 11 register/latch pins with no clock driven by root clock pin: design_1_i/cnt_2/inst/Q_reg[19]/Q (HIGH)

 There are 11 register/latch pins with no clock driven by root clock pin: design_1_i/cnt_2/inst/Q_reg[1]/Q (HIGH)

 There are 11 register/latch pins with no clock driven by root clock pin: design_1_i/cnt_2/inst/Q_reg[20]/Q (HIGH)

 There are 11 register/latch pins with no clock driven by root clock pin: design_1_i/cnt_2/inst/Q_reg[21]/Q (HIGH)

 There are 11 register/latch pins with no clock driven by root clock pin: design_1_i/cnt_2/inst/Q_reg[22]/Q (HIGH)

 There are 11 register/latch pins with no clock driven by root clock pin: design_1_i/cnt_2/inst/Q_reg[23]/Q (HIGH)

 There are 11 register/latch pins with no clock driven by root clock pin: design_1_i/cnt_2/inst/Q_reg[24]/Q (HIGH)

 There are 11 register/latch pins with no clock driven by root clock pin: design_1_i/cnt_2/inst/Q_reg[25]/Q (HIGH)

 There are 11 register/latch pins with no clock driven by root clock pin: design_1_i/cnt_2/inst/Q_reg[26]/Q (HIGH)

 There are 11 register/latch pins with no clock driven by root clock pin: design_1_i/cnt_2/inst/Q_reg[27]/Q (HIGH)

 There are 11 register/latch pins with no clock driven by root clock pin: design_1_i/cnt_2/inst/Q_reg[28]/Q (HIGH)

 There are 11 register/latch pins with no clock driven by root clock pin: design_1_i/cnt_2/inst/Q_reg[29]/Q (HIGH)

 There are 11 register/latch pins with no clock driven by root clock pin: design_1_i/cnt_2/inst/Q_reg[2]/Q (HIGH)

 There are 11 register/latch pins with no clock driven by root clock pin: design_1_i/cnt_2/inst/Q_reg[30]/Q (HIGH)

 There are 11 register/latch pins with no clock driven by root clock pin: design_1_i/cnt_2/inst/Q_reg[31]/Q (HIGH)

 There are 11 register/latch pins with no clock driven by root clock pin: design_1_i/cnt_2/inst/Q_reg[3]/Q (HIGH)

 There are 11 register/latch pins with no clock driven by root clock pin: design_1_i/cnt_2/inst/Q_reg[4]/Q (HIGH)

 There are 11 register/latch pins with no clock driven by root clock pin: design_1_i/cnt_2/inst/Q_reg[5]/Q (HIGH)

 There are 11 register/latch pins with no clock driven by root clock pin: design_1_i/cnt_2/inst/Q_reg[6]/Q (HIGH)

 There are 11 register/latch pins with no clock driven by root clock pin: design_1_i/cnt_2/inst/Q_reg[7]/Q (HIGH)

 There are 11 register/latch pins with no clock driven by root clock pin: design_1_i/cnt_2/inst/Q_reg[8]/Q (HIGH)

 There are 11 register/latch pins with no clock driven by root clock pin: design_1_i/cnt_2/inst/Q_reg[9]/Q (HIGH)

 There are 11 register/latch pins with no clock driven by root clock pin: design_1_i/cnt_3/inst/Q_reg[10]/Q (HIGH)

 There are 11 register/latch pins with no clock driven by root clock pin: design_1_i/cnt_3/inst/Q_reg[11]/Q (HIGH)

 There are 11 register/latch pins with no clock driven by root clock pin: design_1_i/cnt_3/inst/Q_reg[12]/Q (HIGH)

 There are 11 register/latch pins with no clock driven by root clock pin: design_1_i/cnt_3/inst/Q_reg[13]/Q (HIGH)

 There are 11 register/latch pins with no clock driven by root clock pin: design_1_i/cnt_3/inst/Q_reg[14]/Q (HIGH)

 There are 11 register/latch pins with no clock driven by root clock pin: design_1_i/cnt_3/inst/Q_reg[15]/Q (HIGH)

 There are 11 register/latch pins with no clock driven by root clock pin: design_1_i/cnt_3/inst/Q_reg[16]/Q (HIGH)

 There are 11 register/latch pins with no clock driven by root clock pin: design_1_i/cnt_3/inst/Q_reg[17]/Q (HIGH)

 There are 11 register/latch pins with no clock driven by root clock pin: design_1_i/cnt_3/inst/Q_reg[18]/Q (HIGH)

 There are 11 register/latch pins with no clock driven by root clock pin: design_1_i/cnt_3/inst/Q_reg[19]/Q (HIGH)

 There are 11 register/latch pins with no clock driven by root clock pin: design_1_i/cnt_3/inst/Q_reg[1]/Q (HIGH)

 There are 11 register/latch pins with no clock driven by root clock pin: design_1_i/cnt_3/inst/Q_reg[20]/Q (HIGH)

 There are 11 register/latch pins with no clock driven by root clock pin: design_1_i/cnt_3/inst/Q_reg[21]/Q (HIGH)

 There are 11 register/latch pins with no clock driven by root clock pin: design_1_i/cnt_3/inst/Q_reg[22]/Q (HIGH)

 There are 11 register/latch pins with no clock driven by root clock pin: design_1_i/cnt_3/inst/Q_reg[23]/Q (HIGH)

 There are 11 register/latch pins with no clock driven by root clock pin: design_1_i/cnt_3/inst/Q_reg[24]/Q (HIGH)

 There are 11 register/latch pins with no clock driven by root clock pin: design_1_i/cnt_3/inst/Q_reg[25]/Q (HIGH)

 There are 11 register/latch pins with no clock driven by root clock pin: design_1_i/cnt_3/inst/Q_reg[26]/Q (HIGH)

 There are 11 register/latch pins with no clock driven by root clock pin: design_1_i/cnt_3/inst/Q_reg[27]/Q (HIGH)

 There are 11 register/latch pins with no clock driven by root clock pin: design_1_i/cnt_3/inst/Q_reg[28]/Q (HIGH)

 There are 11 register/latch pins with no clock driven by root clock pin: design_1_i/cnt_3/inst/Q_reg[29]/Q (HIGH)

 There are 11 register/latch pins with no clock driven by root clock pin: design_1_i/cnt_3/inst/Q_reg[2]/Q (HIGH)

 There are 11 register/latch pins with no clock driven by root clock pin: design_1_i/cnt_3/inst/Q_reg[30]/Q (HIGH)

 There are 11 register/latch pins with no clock driven by root clock pin: design_1_i/cnt_3/inst/Q_reg[31]/Q (HIGH)

 There are 11 register/latch pins with no clock driven by root clock pin: design_1_i/cnt_3/inst/Q_reg[3]/Q (HIGH)

 There are 11 register/latch pins with no clock driven by root clock pin: design_1_i/cnt_3/inst/Q_reg[4]/Q (HIGH)

 There are 11 register/latch pins with no clock driven by root clock pin: design_1_i/cnt_3/inst/Q_reg[5]/Q (HIGH)

 There are 11 register/latch pins with no clock driven by root clock pin: design_1_i/cnt_3/inst/Q_reg[6]/Q (HIGH)

 There are 11 register/latch pins with no clock driven by root clock pin: design_1_i/cnt_3/inst/Q_reg[7]/Q (HIGH)

 There are 11 register/latch pins with no clock driven by root clock pin: design_1_i/cnt_3/inst/Q_reg[8]/Q (HIGH)

 There are 11 register/latch pins with no clock driven by root clock pin: design_1_i/cnt_3/inst/Q_reg[9]/Q (HIGH)

 There are 16 register/latch pins with no clock driven by root clock pin: design_1_i/compar_0/inst/answer_reg/Q (HIGH)

 There are 7 register/latch pins with no clock driven by root clock pin: design_1_i/jiepai_0/inst/cnt_reg[0]/Q (HIGH)

 There are 7 register/latch pins with no clock driven by root clock pin: design_1_i/jiepai_0/inst/cnt_reg[10]/Q (HIGH)

 There are 7 register/latch pins with no clock driven by root clock pin: design_1_i/jiepai_0/inst/cnt_reg[11]/Q (HIGH)

 There are 7 register/latch pins with no clock driven by root clock pin: design_1_i/jiepai_0/inst/cnt_reg[12]/Q (HIGH)

 There are 7 register/latch pins with no clock driven by root clock pin: design_1_i/jiepai_0/inst/cnt_reg[13]/Q (HIGH)

 There are 7 register/latch pins with no clock driven by root clock pin: design_1_i/jiepai_0/inst/cnt_reg[14]/Q (HIGH)

 There are 7 register/latch pins with no clock driven by root clock pin: design_1_i/jiepai_0/inst/cnt_reg[15]/Q (HIGH)

 There are 7 register/latch pins with no clock driven by root clock pin: design_1_i/jiepai_0/inst/cnt_reg[16]/Q (HIGH)

 There are 7 register/latch pins with no clock driven by root clock pin: design_1_i/jiepai_0/inst/cnt_reg[17]/Q (HIGH)

 There are 7 register/latch pins with no clock driven by root clock pin: design_1_i/jiepai_0/inst/cnt_reg[18]/Q (HIGH)

 There are 7 register/latch pins with no clock driven by root clock pin: design_1_i/jiepai_0/inst/cnt_reg[19]/Q (HIGH)

 There are 7 register/latch pins with no clock driven by root clock pin: design_1_i/jiepai_0/inst/cnt_reg[1]/Q (HIGH)

 There are 7 register/latch pins with no clock driven by root clock pin: design_1_i/jiepai_0/inst/cnt_reg[20]/Q (HIGH)

 There are 7 register/latch pins with no clock driven by root clock pin: design_1_i/jiepai_0/inst/cnt_reg[21]/Q (HIGH)

 There are 7 register/latch pins with no clock driven by root clock pin: design_1_i/jiepai_0/inst/cnt_reg[22]/Q (HIGH)

 There are 7 register/latch pins with no clock driven by root clock pin: design_1_i/jiepai_0/inst/cnt_reg[23]/Q (HIGH)

 There are 7 register/latch pins with no clock driven by root clock pin: design_1_i/jiepai_0/inst/cnt_reg[24]/Q (HIGH)

 There are 7 register/latch pins with no clock driven by root clock pin: design_1_i/jiepai_0/inst/cnt_reg[25]/Q (HIGH)

 There are 7 register/latch pins with no clock driven by root clock pin: design_1_i/jiepai_0/inst/cnt_reg[26]/Q (HIGH)

 There are 7 register/latch pins with no clock driven by root clock pin: design_1_i/jiepai_0/inst/cnt_reg[27]/Q (HIGH)

 There are 7 register/latch pins with no clock driven by root clock pin: design_1_i/jiepai_0/inst/cnt_reg[28]/Q (HIGH)

 There are 7 register/latch pins with no clock driven by root clock pin: design_1_i/jiepai_0/inst/cnt_reg[29]/Q (HIGH)

 There are 7 register/latch pins with no clock driven by root clock pin: design_1_i/jiepai_0/inst/cnt_reg[2]/Q (HIGH)

 There are 7 register/latch pins with no clock driven by root clock pin: design_1_i/jiepai_0/inst/cnt_reg[30]/Q (HIGH)

 There are 7 register/latch pins with no clock driven by root clock pin: design_1_i/jiepai_0/inst/cnt_reg[31]/Q (HIGH)

 There are 7 register/latch pins with no clock driven by root clock pin: design_1_i/jiepai_0/inst/cnt_reg[3]/Q (HIGH)

 There are 7 register/latch pins with no clock driven by root clock pin: design_1_i/jiepai_0/inst/cnt_reg[4]/Q (HIGH)

 There are 7 register/latch pins with no clock driven by root clock pin: design_1_i/jiepai_0/inst/cnt_reg[5]/Q (HIGH)

 There are 7 register/latch pins with no clock driven by root clock pin: design_1_i/jiepai_0/inst/cnt_reg[6]/Q (HIGH)

 There are 7 register/latch pins with no clock driven by root clock pin: design_1_i/jiepai_0/inst/cnt_reg[7]/Q (HIGH)

 There are 7 register/latch pins with no clock driven by root clock pin: design_1_i/jiepai_0/inst/cnt_reg[8]/Q (HIGH)

 There are 7 register/latch pins with no clock driven by root clock pin: design_1_i/jiepai_0/inst/cnt_reg[9]/Q (HIGH)

 There are 5 register/latch pins with no clock driven by root clock pin: design_1_i/jiepai_0/inst/q5_reg/Q (HIGH)

 There are 6 register/latch pins with no clock driven by root clock pin: design_1_i/jiepai_0/inst/q6_reg/Q (HIGH)

 There are 6 register/latch pins with no clock driven by root clock pin: design_1_i/jiepai_0/inst/q7_reg/Q (HIGH)

 There are 33 register/latch pins with no clock driven by root clock pin: design_1_i/xishi2_0/inst/cnt1_reg[0]/Q (HIGH)

 There are 33 register/latch pins with no clock driven by root clock pin: design_1_i/xishi2_0/inst/cnt1_reg[10]/Q (HIGH)

 There are 33 register/latch pins with no clock driven by root clock pin: design_1_i/xishi2_0/inst/cnt1_reg[11]/Q (HIGH)

 There are 33 register/latch pins with no clock driven by root clock pin: design_1_i/xishi2_0/inst/cnt1_reg[12]/Q (HIGH)

 There are 33 register/latch pins with no clock driven by root clock pin: design_1_i/xishi2_0/inst/cnt1_reg[13]/Q (HIGH)

 There are 33 register/latch pins with no clock driven by root clock pin: design_1_i/xishi2_0/inst/cnt1_reg[14]/Q (HIGH)

 There are 33 register/latch pins with no clock driven by root clock pin: design_1_i/xishi2_0/inst/cnt1_reg[15]/Q (HIGH)

 There are 33 register/latch pins with no clock driven by root clock pin: design_1_i/xishi2_0/inst/cnt1_reg[16]/Q (HIGH)

 There are 33 register/latch pins with no clock driven by root clock pin: design_1_i/xishi2_0/inst/cnt1_reg[17]/Q (HIGH)

 There are 33 register/latch pins with no clock driven by root clock pin: design_1_i/xishi2_0/inst/cnt1_reg[18]/Q (HIGH)

 There are 33 register/latch pins with no clock driven by root clock pin: design_1_i/xishi2_0/inst/cnt1_reg[19]/Q (HIGH)

 There are 33 register/latch pins with no clock driven by root clock pin: design_1_i/xishi2_0/inst/cnt1_reg[1]/Q (HIGH)

 There are 33 register/latch pins with no clock driven by root clock pin: design_1_i/xishi2_0/inst/cnt1_reg[20]/Q (HIGH)

 There are 33 register/latch pins with no clock driven by root clock pin: design_1_i/xishi2_0/inst/cnt1_reg[21]/Q (HIGH)

 There are 33 register/latch pins with no clock driven by root clock pin: design_1_i/xishi2_0/inst/cnt1_reg[22]/Q (HIGH)

 There are 33 register/latch pins with no clock driven by root clock pin: design_1_i/xishi2_0/inst/cnt1_reg[23]/Q (HIGH)

 There are 33 register/latch pins with no clock driven by root clock pin: design_1_i/xishi2_0/inst/cnt1_reg[24]/Q (HIGH)

 There are 33 register/latch pins with no clock driven by root clock pin: design_1_i/xishi2_0/inst/cnt1_reg[25]/Q (HIGH)

 There are 33 register/latch pins with no clock driven by root clock pin: design_1_i/xishi2_0/inst/cnt1_reg[26]/Q (HIGH)

 There are 33 register/latch pins with no clock driven by root clock pin: design_1_i/xishi2_0/inst/cnt1_reg[27]/Q (HIGH)

 There are 33 register/latch pins with no clock driven by root clock pin: design_1_i/xishi2_0/inst/cnt1_reg[28]/Q (HIGH)

 There are 33 register/latch pins with no clock driven by root clock pin: design_1_i/xishi2_0/inst/cnt1_reg[29]/Q (HIGH)

 There are 33 register/latch pins with no clock driven by root clock pin: design_1_i/xishi2_0/inst/cnt1_reg[2]/Q (HIGH)

 There are 33 register/latch pins with no clock driven by root clock pin: design_1_i/xishi2_0/inst/cnt1_reg[30]/Q (HIGH)

 There are 33 register/latch pins with no clock driven by root clock pin: design_1_i/xishi2_0/inst/cnt1_reg[31]/Q (HIGH)

 There are 33 register/latch pins with no clock driven by root clock pin: design_1_i/xishi2_0/inst/cnt1_reg[3]/Q (HIGH)

 There are 33 register/latch pins with no clock driven by root clock pin: design_1_i/xishi2_0/inst/cnt1_reg[4]/Q (HIGH)

 There are 33 register/latch pins with no clock driven by root clock pin: design_1_i/xishi2_0/inst/cnt1_reg[5]/Q (HIGH)

 There are 33 register/latch pins with no clock driven by root clock pin: design_1_i/xishi2_0/inst/cnt1_reg[6]/Q (HIGH)

 There are 33 register/latch pins with no clock driven by root clock pin: design_1_i/xishi2_0/inst/cnt1_reg[7]/Q (HIGH)

 There are 33 register/latch pins with no clock driven by root clock pin: design_1_i/xishi2_0/inst/cnt1_reg[8]/Q (HIGH)

 There are 33 register/latch pins with no clock driven by root clock pin: design_1_i/xishi2_0/inst/cnt1_reg[9]/Q (HIGH)

 There are 33 register/latch pins with no clock driven by root clock pin: design_1_i/xishi2_0/inst/cnt2_reg[0]/Q (HIGH)

 There are 33 register/latch pins with no clock driven by root clock pin: design_1_i/xishi2_0/inst/cnt2_reg[10]/Q (HIGH)

 There are 33 register/latch pins with no clock driven by root clock pin: design_1_i/xishi2_0/inst/cnt2_reg[11]/Q (HIGH)

 There are 33 register/latch pins with no clock driven by root clock pin: design_1_i/xishi2_0/inst/cnt2_reg[12]/Q (HIGH)

 There are 33 register/latch pins with no clock driven by root clock pin: design_1_i/xishi2_0/inst/cnt2_reg[13]/Q (HIGH)

 There are 33 register/latch pins with no clock driven by root clock pin: design_1_i/xishi2_0/inst/cnt2_reg[14]/Q (HIGH)

 There are 33 register/latch pins with no clock driven by root clock pin: design_1_i/xishi2_0/inst/cnt2_reg[15]/Q (HIGH)

 There are 33 register/latch pins with no clock driven by root clock pin: design_1_i/xishi2_0/inst/cnt2_reg[16]/Q (HIGH)

 There are 33 register/latch pins with no clock driven by root clock pin: design_1_i/xishi2_0/inst/cnt2_reg[17]/Q (HIGH)

 There are 33 register/latch pins with no clock driven by root clock pin: design_1_i/xishi2_0/inst/cnt2_reg[18]/Q (HIGH)

 There are 33 register/latch pins with no clock driven by root clock pin: design_1_i/xishi2_0/inst/cnt2_reg[19]/Q (HIGH)

 There are 33 register/latch pins with no clock driven by root clock pin: design_1_i/xishi2_0/inst/cnt2_reg[1]/Q (HIGH)

 There are 33 register/latch pins with no clock driven by root clock pin: design_1_i/xishi2_0/inst/cnt2_reg[20]/Q (HIGH)

 There are 33 register/latch pins with no clock driven by root clock pin: design_1_i/xishi2_0/inst/cnt2_reg[21]/Q (HIGH)

 There are 33 register/latch pins with no clock driven by root clock pin: design_1_i/xishi2_0/inst/cnt2_reg[22]/Q (HIGH)

 There are 33 register/latch pins with no clock driven by root clock pin: design_1_i/xishi2_0/inst/cnt2_reg[23]/Q (HIGH)

 There are 33 register/latch pins with no clock driven by root clock pin: design_1_i/xishi2_0/inst/cnt2_reg[24]/Q (HIGH)

 There are 33 register/latch pins with no clock driven by root clock pin: design_1_i/xishi2_0/inst/cnt2_reg[25]/Q (HIGH)

 There are 33 register/latch pins with no clock driven by root clock pin: design_1_i/xishi2_0/inst/cnt2_reg[26]/Q (HIGH)

 There are 33 register/latch pins with no clock driven by root clock pin: design_1_i/xishi2_0/inst/cnt2_reg[27]/Q (HIGH)

 There are 33 register/latch pins with no clock driven by root clock pin: design_1_i/xishi2_0/inst/cnt2_reg[28]/Q (HIGH)

 There are 33 register/latch pins with no clock driven by root clock pin: design_1_i/xishi2_0/inst/cnt2_reg[29]/Q (HIGH)

 There are 33 register/latch pins with no clock driven by root clock pin: design_1_i/xishi2_0/inst/cnt2_reg[2]/Q (HIGH)

 There are 33 register/latch pins with no clock driven by root clock pin: design_1_i/xishi2_0/inst/cnt2_reg[30]/Q (HIGH)

 There are 33 register/latch pins with no clock driven by root clock pin: design_1_i/xishi2_0/inst/cnt2_reg[31]/Q (HIGH)

 There are 33 register/latch pins with no clock driven by root clock pin: design_1_i/xishi2_0/inst/cnt2_reg[3]/Q (HIGH)

 There are 33 register/latch pins with no clock driven by root clock pin: design_1_i/xishi2_0/inst/cnt2_reg[4]/Q (HIGH)

 There are 33 register/latch pins with no clock driven by root clock pin: design_1_i/xishi2_0/inst/cnt2_reg[5]/Q (HIGH)

 There are 33 register/latch pins with no clock driven by root clock pin: design_1_i/xishi2_0/inst/cnt2_reg[6]/Q (HIGH)

 There are 33 register/latch pins with no clock driven by root clock pin: design_1_i/xishi2_0/inst/cnt2_reg[7]/Q (HIGH)

 There are 33 register/latch pins with no clock driven by root clock pin: design_1_i/xishi2_0/inst/cnt2_reg[8]/Q (HIGH)

 There are 33 register/latch pins with no clock driven by root clock pin: design_1_i/xishi2_0/inst/cnt2_reg[9]/Q (HIGH)

 There are 32 register/latch pins with no clock driven by root clock pin: design_1_i/xishi_0/inst/cnt_reg[0]/Q (HIGH)

 There are 32 register/latch pins with no clock driven by root clock pin: design_1_i/xishi_0/inst/cnt_reg[10]/Q (HIGH)

 There are 32 register/latch pins with no clock driven by root clock pin: design_1_i/xishi_0/inst/cnt_reg[11]/Q (HIGH)

 There are 32 register/latch pins with no clock driven by root clock pin: design_1_i/xishi_0/inst/cnt_reg[12]/Q (HIGH)

 There are 32 register/latch pins with no clock driven by root clock pin: design_1_i/xishi_0/inst/cnt_reg[13]/Q (HIGH)

 There are 32 register/latch pins with no clock driven by root clock pin: design_1_i/xishi_0/inst/cnt_reg[14]/Q (HIGH)

 There are 32 register/latch pins with no clock driven by root clock pin: design_1_i/xishi_0/inst/cnt_reg[15]/Q (HIGH)

 There are 32 register/latch pins with no clock driven by root clock pin: design_1_i/xishi_0/inst/cnt_reg[16]/Q (HIGH)

 There are 32 register/latch pins with no clock driven by root clock pin: design_1_i/xishi_0/inst/cnt_reg[17]/Q (HIGH)

 There are 32 register/latch pins with no clock driven by root clock pin: design_1_i/xishi_0/inst/cnt_reg[18]/Q (HIGH)

 There are 32 register/latch pins with no clock driven by root clock pin: design_1_i/xishi_0/inst/cnt_reg[19]/Q (HIGH)

 There are 32 register/latch pins with no clock driven by root clock pin: design_1_i/xishi_0/inst/cnt_reg[1]/Q (HIGH)

 There are 32 register/latch pins with no clock driven by root clock pin: design_1_i/xishi_0/inst/cnt_reg[20]/Q (HIGH)

 There are 32 register/latch pins with no clock driven by root clock pin: design_1_i/xishi_0/inst/cnt_reg[21]/Q (HIGH)

 There are 32 register/latch pins with no clock driven by root clock pin: design_1_i/xishi_0/inst/cnt_reg[22]/Q (HIGH)

 There are 32 register/latch pins with no clock driven by root clock pin: design_1_i/xishi_0/inst/cnt_reg[23]/Q (HIGH)

 There are 32 register/latch pins with no clock driven by root clock pin: design_1_i/xishi_0/inst/cnt_reg[24]/Q (HIGH)

 There are 32 register/latch pins with no clock driven by root clock pin: design_1_i/xishi_0/inst/cnt_reg[25]/Q (HIGH)

 There are 32 register/latch pins with no clock driven by root clock pin: design_1_i/xishi_0/inst/cnt_reg[26]/Q (HIGH)

 There are 32 register/latch pins with no clock driven by root clock pin: design_1_i/xishi_0/inst/cnt_reg[27]/Q (HIGH)

 There are 32 register/latch pins with no clock driven by root clock pin: design_1_i/xishi_0/inst/cnt_reg[28]/Q (HIGH)

 There are 32 register/latch pins with no clock driven by root clock pin: design_1_i/xishi_0/inst/cnt_reg[29]/Q (HIGH)

 There are 32 register/latch pins with no clock driven by root clock pin: design_1_i/xishi_0/inst/cnt_reg[2]/Q (HIGH)

 There are 32 register/latch pins with no clock driven by root clock pin: design_1_i/xishi_0/inst/cnt_reg[30]/Q (HIGH)

 There are 32 register/latch pins with no clock driven by root clock pin: design_1_i/xishi_0/inst/cnt_reg[31]/Q (HIGH)

 There are 32 register/latch pins with no clock driven by root clock pin: design_1_i/xishi_0/inst/cnt_reg[3]/Q (HIGH)

 There are 32 register/latch pins with no clock driven by root clock pin: design_1_i/xishi_0/inst/cnt_reg[4]/Q (HIGH)

 There are 32 register/latch pins with no clock driven by root clock pin: design_1_i/xishi_0/inst/cnt_reg[5]/Q (HIGH)

 There are 32 register/latch pins with no clock driven by root clock pin: design_1_i/xishi_0/inst/cnt_reg[6]/Q (HIGH)

 There are 32 register/latch pins with no clock driven by root clock pin: design_1_i/xishi_0/inst/cnt_reg[7]/Q (HIGH)

 There are 32 register/latch pins with no clock driven by root clock pin: design_1_i/xishi_0/inst/cnt_reg[8]/Q (HIGH)

 There are 32 register/latch pins with no clock driven by root clock pin: design_1_i/xishi_0/inst/cnt_reg[9]/Q (HIGH)


2. checking constant_clock
--------------------------
 There are 0 register/latch pins with constant_clock.


3. checking pulse_width_clock
-----------------------------
 There are 0 register/latch pins which need pulse_width check


4. checking unconstrained_internal_endpoints
--------------------------------------------
 There are 762 pins that are not constrained for maximum delay. (HIGH)

 There are 0 pins that are not constrained for maximum delay due to constant clock.


5. checking no_input_delay
--------------------------
 There is 1 input port with no input delay specified. (HIGH)

 There are 0 input ports with no input delay but user has a false path constraint.


6. checking no_output_delay
---------------------------
 There are 30 ports with no output delay specified. (HIGH)

 There are 0 ports with no output delay but user has a false path constraint

 There are 0 ports with no output delay but with a timing clock defined on it or propagating through it


7. checking multiple_clock
--------------------------
 There are 0 register/latch pins with multiple clocks.


8. checking generated_clocks
----------------------------
 There are 0 generated clocks that are not connected to a clock source.


9. checking loops
-----------------
 There are 0 combinational loops in the design.


10. checking partial_input_delay
--------------------------------
 There are 0 input ports with partial input delay specified.


11. checking partial_output_delay
---------------------------------
 There are 0 ports with partial output delay specified.


12. checking latch_loops
------------------------
 There is 1 combinational latch loop in the design through latch input (HIGH)



------------------------------------------------------------------------------------------------
| Design Timing Summary
| ---------------------
------------------------------------------------------------------------------------------------

    WNS(ns)      TNS(ns)  TNS Failing Endpoints  TNS Total Endpoints      WHS(ns)      THS(ns)  THS Failing Endpoints  THS Total Endpoints     WPWS(ns)     TPWS(ns)  TPWS Failing Endpoints  TPWS Total Endpoints  
    -------      -------  ---------------------  -------------------      -------      -------  ---------------------  -------------------     --------     --------  ----------------------  --------------------  
         NA           NA                     NA                   NA           NA           NA                     NA                   NA           NA           NA                      NA                    NA  


There are no user specified timing constraints.


------------------------------------------------------------------------------------------------
| Clock Summary
| -------------
------------------------------------------------------------------------------------------------


------------------------------------------------------------------------------------------------
| Intra Clock Table
| -----------------
------------------------------------------------------------------------------------------------

Clock             WNS(ns)      TNS(ns)  TNS Failing Endpoints  TNS Total Endpoints      WHS(ns)      THS(ns)  THS Failing Endpoints  THS Total Endpoints     WPWS(ns)     TPWS(ns)  TPWS Failing Endpoints  TPWS Total Endpoints  
-----             -------      -------  ---------------------  -------------------      -------      -------  ---------------------  -------------------     --------     --------  ----------------------  --------------------  


------------------------------------------------------------------------------------------------
| Inter Clock Table
| -----------------
------------------------------------------------------------------------------------------------

From Clock    To Clock          WNS(ns)      TNS(ns)  TNS Failing Endpoints  TNS Total Endpoints      WHS(ns)      THS(ns)  THS Failing Endpoints  THS Total Endpoints  
----------    --------          -------      -------  ---------------------  -------------------      -------      -------  ---------------------  -------------------  


------------------------------------------------------------------------------------------------
| Other Path Groups Table
| -----------------------
------------------------------------------------------------------------------------------------

Path Group    From Clock    To Clock          WNS(ns)      TNS(ns)  TNS Failing Endpoints  TNS Total Endpoints      WHS(ns)      THS(ns)  THS Failing Endpoints  THS Total Endpoints  
----------    ----------    --------          -------      -------  ---------------------  -------------------      -------      -------  ---------------------  -------------------  


------------------------------------------------------------------------------------------------
| Timing Details
| --------------
------------------------------------------------------------------------------------------------


